<?xml version="1.0" encoding="UTF-8"?>
<!-- Generated by org.testng.reporters.JUnitReportReporter -->
<testsuite hostname="vvprodptmdo7-1" failures="0" tests="1" name="commonFunctions.ExcelDatasRead" time="1.405" errors="0" timestamp="2024-09-14T08:10:06 UTC" skipped="0">
  <testcase classname="commonFunctions.ExcelDatasRead" name="myExcelDataRead" time="1.405"/>
</testsuite> <!-- commonFunctions.ExcelDatasRead -->
