<?xml version="1.0" encoding="UTF-8"?>
<!-- Generated by org.testng.reporters.JUnitReportReporter -->
<testsuite hostname="vvprodptmdo7-1" failures="0" tests="1" name="testCases.LoginPageTestCases" time="11.450" errors="0" timestamp="2024-09-14T08:38:39 UTC" skipped="0">
  <testcase classname="testCases.LoginPageTestCases" name="LoginMethod" time="11.450"/>
</testsuite> <!-- testCases.LoginPageTestCases -->
