<?xml version="1.0" encoding="UTF-8"?>
<!-- Generated by org.testng.reporters.JUnitReportReporter -->
<testsuite hostname="vvprodptmdo7-1" failures="0" tests="1" name="testCases.moveToNocTestCases" time="0.487" errors="0" timestamp="2024-09-24T14:37:03 UTC" skipped="0">
  <testcase classname="testCases.moveToNocTestCases" name="moveToNocMethod" time="0.487"/>
</testsuite> <!-- testCases.moveToNocTestCases -->
