<?xml version="1.0" encoding="UTF-8"?>
<!-- Generated by org.testng.reporters.JUnitReportReporter -->
<testsuite hostname="vvprodptmdo7-1" failures="0" tests="1" name="testCases.LoginPageTestCases" time="3.012" errors="0" timestamp="2024-09-11T17:18:59 UTC" skipped="0">
  <testcase classname="testCases.LoginPageTestCases" name="LoginMethod" time="3.012"/>
</testsuite> <!-- testCases.LoginPageTestCases -->
