<?xml version="1.0" encoding="UTF-8"?>
<!-- Generated by org.testng.reporters.JUnitReportReporter -->
<testsuite hostname="vvprodptmdo7-1" failures="0" tests="2" name="testCases.LoginPageTestCases" time="3.966" errors="0" timestamp="2024-09-24T08:59:05 UTC" skipped="0">
  <testcase classname="testCases.LoginPageTestCases" name="LoginMethod" time="3.836"/>
  <testcase classname="testCases.LoginPageTestCases" name="loginTestTwo" time="0.130"/>
</testsuite> <!-- testCases.LoginPageTestCases -->
