<?xml version="1.0" encoding="UTF-8"?>
<!-- Generated by org.testng.reporters.JUnitReportReporter -->
<testsuite hostname="vvprodptmdo7-1" failures="0" tests="1" name="testCases.LoginPageTestCases" time="2.041" errors="0" timestamp="2024-09-24T14:37:03 UTC" skipped="0">
  <testcase classname="testCases.LoginPageTestCases" name="LoginMethod" time="2.041"/>
</testsuite> <!-- testCases.LoginPageTestCases -->
