<?xml version="1.0" encoding="UTF-8"?>
<!-- Generated by org.testng.reporters.JUnitReportReporter -->
<testsuite hostname="vvprodptmdo7-1" failures="0" tests="3" name="testCases.UrlUp" time="2.795" errors="0" timestamp="2024-09-21T18:52:43 UTC" skipped="0">
  <testcase classname="testCases.UrlUp" name="myUrlUp" time="0.917"/>
  <testcase classname="testCases.UrlUp" name="myUrlUp" time="0.882"/>
  <testcase classname="testCases.UrlUp" name="myUrlUp" time="0.996"/>
</testsuite> <!-- testCases.UrlUp -->
