<?xml version="1.0" encoding="UTF-8"?>
<!-- Generated by org.testng.reporters.JUnitReportReporter -->
<testsuite hostname="vvprodptmdo7-1" failures="0" tests="1" name="testCases.LoginPageTestCases" time="3.586" errors="0" timestamp="11 Sep 2024 16:28:33 GMT" skipped="0">
  <testcase classname="testCases.LoginPageTestCases" name="LoginMethod" time="3.586"/>
</testsuite> <!-- testCases.LoginPageTestCases -->
