<?xml version="1.0" encoding="UTF-8"?>
<!-- Generated by org.testng.reporters.JUnitReportReporter -->
<testsuite hostname="vvprodptmdo7-1" failures="0" tests="2" name="testCases.test2" time="0.003" errors="0" timestamp="11 Sep 2024 08:32:41 GMT" skipped="0">
  <testcase classname="testCases.test2" name="test222" time="0.002"/>
  <testcase classname="testCases.test2" name="test22" time="0.001"/>
</testsuite> <!-- testCases.test2 -->
